[2020-10-29 09:03:45][localhost_3306][000699][MYSQL][]
SHOW VARIABLES LIKE 'lower_case_%'; SHOW VARIABLES LIKE 'sql_mode'; SELECT COUNT(*) AS support_ndb FROM information_schema.ENGINES WHERE Engine = 'ndbcluster'

[2020-10-29 09:03:45][localhost_3306][000699][MYSQL][]
SELECT SCHEMA_NAME, DEFAULT_CHARACTER_SET_NAME, DEFAULT_COLLATION_NAME FROM information_schema.SCHEMATA

[2020-10-29 09:03:49][localhost_3306][000699][MYSQL][]
SELECT COUNT(*) FROM information_schema.TABLES WHERE TABLE_SCHEMA = 'emp' UNION SELECT COUNT(*) FROM information_schema.COLUMNS WHERE TABLE_SCHEMA = 'emp' UNION SELECT COUNT(*) FROM information_schema.ROUTINES WHERE ROUTINE_SCHEMA = 'emp'

[2020-10-29 09:03:49][localhost_3306][000700][MYSQL][]
SHOW FULL TABLES WHERE Table_type != 'VIEW'

[2020-10-29 09:03:49][localhost_3306][000700][MYSQL][]
SHOW TABLE STATUS

[2020-10-29 09:03:49][localhost_3306][000699][MYSQL][]
SELECT TABLE_SCHEMA, TABLE_NAME, TABLE_TYPE FROM information_schema.TABLES WHERE TABLE_SCHEMA = 'emp' ORDER BY TABLE_SCHEMA, TABLE_TYPE

[2020-10-29 09:03:49][localhost_3306][000699][MYSQL][]
SELECT TABLE_SCHEMA, TABLE_NAME, COLUMN_NAME, COLUMN_TYPE FROM information_schema.COLUMNS WHERE TABLE_SCHEMA = 'emp' ORDER BY TABLE_SCHEMA, TABLE_NAME

[2020-10-29 09:03:49][localhost_3306][000699][MYSQL][]
SELECT DISTINCT ROUTINE_SCHEMA, ROUTINE_NAME, PARAMS.PARAMETER FROM information_schema.ROUTINES LEFT JOIN ( SELECT SPECIFIC_SCHEMA, SPECIFIC_NAME, GROUP_CONCAT(CONCAT(DATA_TYPE, ' ', PARAMETER_NAME) ORDER BY ORDINAL_POSITION SEPARATOR ', ') PARAMETER, ROUTINE_TYPE FROM information_schema.PARAMETERS GROUP BY SPECIFIC_SCHEMA, SPECIFIC_NAME, ROUTINE_TYPE ) PARAMS ON ROUTINES.ROUTINE_SCHEMA = PARAMS.SPECIFIC_SCHEMA AND ROUTINES.ROUTINE_NAME = PARAMS.SPECIFIC_NAME AND ROUTINES.ROUTINE_TYPE = PARAMS.ROUTINE_TYPE WHERE ROUTINE_SCHEMA = 'emp' ORDER BY ROUTINE_SCHEMA

[2020-10-29 09:03:57][localhost_3306][000699][MYSQL][]
SELECT * FROM `emp`.`emp` LIMIT 0,1000

[2020-10-29 09:03:57][localhost_3306][000700][MYSQL][]
SHOW COLUMNS FROM `emp`.`emp`

[2020-10-29 09:03:57][localhost_3306][000699][MYSQL][]
SHOW TABLE STATUS LIKE 'emp'

[2020-10-29 09:03:57][localhost_3306][000699][MYSQL][]
SHOW CREATE TABLE `emp`.`emp`

[2020-10-29 09:03:59][localhost_3306][000699][MYSQL][]
SHOW VARIABLES LIKE 'lower_case_%'; SHOW VARIABLES LIKE 'sql_mode'; SELECT COUNT(*) AS support_ndb FROM information_schema.ENGINES WHERE Engine = 'ndbcluster'

[2020-10-29 09:03:59][localhost_3306][000699][MYSQL][]
SELECT SCHEMA_NAME, DEFAULT_CHARACTER_SET_NAME, DEFAULT_COLLATION_NAME FROM information_schema.SCHEMATA

[2020-10-29 09:03:59][localhost_3306][000699][MYSQL][]
SHOW FULL TABLES WHERE Table_type != 'VIEW'

[2020-10-29 09:03:59][localhost_3306][000699][MYSQL][]
SELECT TABLE_NAME, CHECK_OPTION, IS_UPDATABLE, SECURITY_TYPE, DEFINER FROM INFORMATION_SCHEMA.VIEWS WHERE TABLE_SCHEMA = 'emp' ORDER BY TABLE_NAME ASC

[2020-10-29 09:04:20][localhost_3306][000699][MYSQL][]
SET PROFILING = 1

[2020-10-29 09:04:20][localhost_3306][000699][MYSQL][]
SHOW STATUS

[2020-10-29 09:04:20][localhost_3306][000699][MYSQL][]
SHOW STATUS

[2020-10-29 09:04:20][localhost_3306][000699][MYSQL][]
TRUNCATE emp

[2020-10-29 09:04:20][localhost_3306][000699][MYSQL][]
SHOW STATUS

[2020-10-29 09:04:20][localhost_3306][000699][MYSQL][]
SELECT QUERY_ID, SUM(DURATION) AS SUM_DURATION FROM INFORMATION_SCHEMA.PROFILING GROUP BY QUERY_ID

[2020-10-29 09:04:20][localhost_3306][000699][MYSQL][]
SELECT STATE AS `Status`, ROUND(SUM(DURATION),7) AS `Duration`, CONCAT(ROUND(SUM(DURATION)/0.001531*100,3), '') AS `Percentage` FROM INFORMATION_SCHEMA.PROFILING WHERE QUERY_ID=2 GROUP BY SEQ, STATE ORDER BY SEQ

[2020-10-29 09:06:44][localhost_3306][000699][MYSQL][]
SET PROFILING = 1

[2020-10-29 09:06:44][localhost_3306][000699][MYSQL][]
SHOW STATUS

[2020-10-29 09:06:44][localhost_3306][000699][MYSQL][]
SHOW STATUS

[2020-10-29 09:06:44][localhost_3306][000699][MYSQL][]
SELECT * FROM `emp`
TRUNCATE emp

[2020-10-29 09:06:44][localhost_3306][000699][MYSQL][]
You have an error in your SQL syntax; check the manual that corresponds to your MySQL server version for the right syntax to use near 'emp' at line 2

[2020-10-29 09:07:00][localhost_3306][000699][MYSQL][]
SET PROFILING = 1

[2020-10-29 09:07:00][localhost_3306][000699][MYSQL][]
SHOW STATUS

[2020-10-29 09:07:00][localhost_3306][000699][MYSQL][]
SHOW STATUS

[2020-10-29 09:07:00][localhost_3306][000699][MYSQL][]
INSERT INTO emp (name ,salary,age) VALUES ('tom',2000,16)

[2020-10-29 09:07:00][localhost_3306][000699][MYSQL][]
INSERT INTO emp (name ,salary,age) VALUES ('jack',2200,18)

[2020-10-29 09:07:00][localhost_3306][000699][MYSQL][]
INSERT INTO emp (name ,salary,age) VALUES ('lucy',2800,20)

[2020-10-29 09:07:00][localhost_3306][000699][MYSQL][]
INSERT INTO emp (name ,salary,age) VALUES ('tom',2000,16)

[2020-10-29 09:07:00][localhost_3306][000699][MYSQL][]
INSERT INTO emp (name ,salary,age) VALUES ('jack',2200,18)

[2020-10-29 09:07:00][localhost_3306][000699][MYSQL][]
INSERT INTO emp (name ,salary,age) VALUES ('lucy',2800,20)

[2020-10-29 09:07:00][localhost_3306][000699][MYSQL][]
INSERT INTO emp (name ,salary,age) VALUES ('tom',2000,16)

[2020-10-29 09:07:00][localhost_3306][000699][MYSQL][]
INSERT INTO emp (name ,salary,age) VALUES ('jack',2200,18)

[2020-10-29 09:07:00][localhost_3306][000699][MYSQL][]
INSERT INTO emp (name ,salary,age) VALUES ('lucy',2800,20)

[2020-10-29 09:07:00][localhost_3306][000699][MYSQL][]
INSERT INTO emp (name ,salary,age) VALUES ('tom',2000,16)

[2020-10-29 09:07:00][localhost_3306][000699][MYSQL][]
INSERT INTO emp (name ,salary,age) VALUES ('jack',2200,18)

[2020-10-29 09:07:00][localhost_3306][000699][MYSQL][]
INSERT INTO emp (name ,salary,age) VALUES ('lucy',2800,20)

[2020-10-29 09:07:00][localhost_3306][000699][MYSQL][]
INSERT INTO emp (name ,salary,age) VALUES ('tom',2000,16)

[2020-10-29 09:07:00][localhost_3306][000699][MYSQL][]
INSERT INTO emp (name ,salary,age) VALUES ('jack',2200,18)

[2020-10-29 09:07:00][localhost_3306][000699][MYSQL][]
INSERT INTO emp (name ,salary,age) VALUES ('lucy',2800,20)

[2020-10-29 09:07:00][localhost_3306][000699][MYSQL][]
INSERT INTO emp (name ,salary,age) VALUES ('tom',2000,16)

[2020-10-29 09:07:00][localhost_3306][000699][MYSQL][]
INSERT INTO emp (name ,salary,age) VALUES ('jack',2200,18)

[2020-10-29 09:07:00][localhost_3306][000699][MYSQL][]
INSERT INTO emp (name ,salary,age) VALUES ('lucy',2800,20)

[2020-10-29 09:07:00][localhost_3306][000699][MYSQL][]
SHOW STATUS

[2020-10-29 09:07:00][localhost_3306][000699][MYSQL][]
SELECT QUERY_ID, SUM(DURATION) AS SUM_DURATION FROM INFORMATION_SCHEMA.PROFILING GROUP BY QUERY_ID

[2020-10-29 09:07:00][localhost_3306][000699][MYSQL][]
SELECT STATE AS `Status`, ROUND(SUM(DURATION),7) AS `Duration`, CONCAT(ROUND(SUM(DURATION)/0.002857*100,3), '') AS `Percentage` FROM INFORMATION_SCHEMA.PROFILING WHERE QUERY_ID=19 GROUP BY SEQ, STATE ORDER BY SEQ

[2020-10-29 09:07:11][localhost_3306][000700][MYSQL][]
SELECT * FROM `emp`.`emp` LIMIT 0,1000

[2020-10-29 09:07:11][localhost_3306][000701][MYSQL][]
SHOW COLUMNS FROM `emp`.`emp`

[2020-10-29 09:07:11][localhost_3306][000700][MYSQL][]
SHOW TABLE STATUS LIKE 'emp'

[2020-10-29 09:07:11][localhost_3306][000700][MYSQL][]
SHOW CREATE TABLE `emp`.`emp`

[2020-10-29 09:07:28][localhost_3306][000700][MYSQL][]
UPDATE `emp`.`emp` SET `name` = 'tom1' WHERE `id` = 1

[2020-10-29 09:07:28][localhost_3306][000700][MYSQL][]
SELECT * FROM `emp`.`emp` WHERE `id` = 1

[2020-10-29 09:07:31][localhost_3306][000700][MYSQL][]
UPDATE `emp`.`emp` SET `name` = 'jack2' WHERE `id` = 2

[2020-10-29 09:07:31][localhost_3306][000700][MYSQL][]
SELECT * FROM `emp`.`emp` WHERE `id` = 2

[2020-10-29 09:07:33][localhost_3306][000700][MYSQL][]
UPDATE `emp`.`emp` SET `name` = 'lucy3' WHERE `id` = 3

[2020-10-29 09:07:33][localhost_3306][000700][MYSQL][]
SELECT * FROM `emp`.`emp` WHERE `id` = 3

[2020-10-29 09:07:37][localhost_3306][000700][MYSQL][]
UPDATE `emp`.`emp` SET `name` = 'tom4' WHERE `id` = 4

[2020-10-29 09:07:37][localhost_3306][000700][MYSQL][]
SELECT * FROM `emp`.`emp` WHERE `id` = 4

[2020-10-29 09:07:39][localhost_3306][000700][MYSQL][]
UPDATE `emp`.`emp` SET `name` = 'jack5' WHERE `id` = 5

[2020-10-29 09:07:39][localhost_3306][000700][MYSQL][]
SELECT * FROM `emp`.`emp` WHERE `id` = 5

[2020-10-29 09:07:41][localhost_3306][000700][MYSQL][]
UPDATE `emp`.`emp` SET `name` = 'lucy6' WHERE `id` = 6

[2020-10-29 09:07:41][localhost_3306][000700][MYSQL][]
SELECT * FROM `emp`.`emp` WHERE `id` = 6

[2020-10-29 09:07:45][localhost_3306][000700][MYSQL][]
UPDATE `emp`.`emp` SET `name` = 'tom7' WHERE `id` = 7

[2020-10-29 09:07:45][localhost_3306][000700][MYSQL][]
SELECT * FROM `emp`.`emp` WHERE `id` = 7

[2020-10-29 09:07:47][localhost_3306][000700][MYSQL][]
UPDATE `emp`.`emp` SET `name` = 'jack8' WHERE `id` = 8

[2020-10-29 09:07:47][localhost_3306][000700][MYSQL][]
SELECT * FROM `emp`.`emp` WHERE `id` = 8

[2020-10-29 09:07:50][localhost_3306][000700][MYSQL][]
UPDATE `emp`.`emp` SET `name` = 'lucy9' WHERE `id` = 9

[2020-10-29 09:07:50][localhost_3306][000700][MYSQL][]
SELECT * FROM `emp`.`emp` WHERE `id` = 9

[2020-10-29 09:07:52][localhost_3306][000700][MYSQL][]
UPDATE `emp`.`emp` SET `name` = 'tom10' WHERE `id` = 10

[2020-10-29 09:07:52][localhost_3306][000700][MYSQL][]
SELECT * FROM `emp`.`emp` WHERE `id` = 10

[2020-10-29 09:07:55][localhost_3306][000700][MYSQL][]
UPDATE `emp`.`emp` SET `name` = 'jack11' WHERE `id` = 11

[2020-10-29 09:07:55][localhost_3306][000700][MYSQL][]
SELECT * FROM `emp`.`emp` WHERE `id` = 11

[2020-10-29 09:07:57][localhost_3306][000700][MYSQL][]
UPDATE `emp`.`emp` SET `name` = 'lucy12' WHERE `id` = 12

[2020-10-29 09:07:57][localhost_3306][000700][MYSQL][]
SELECT * FROM `emp`.`emp` WHERE `id` = 12

[2020-10-29 09:08:01][localhost_3306][000700][MYSQL][]
UPDATE `emp`.`emp` SET `name` = 'tom13' WHERE `id` = 13

[2020-10-29 09:08:01][localhost_3306][000700][MYSQL][]
SELECT * FROM `emp`.`emp` WHERE `id` = 13

[2020-10-29 09:08:03][localhost_3306][000700][MYSQL][]
UPDATE `emp`.`emp` SET `name` = 'jack14' WHERE `id` = 14

[2020-10-29 09:08:03][localhost_3306][000700][MYSQL][]
SELECT * FROM `emp`.`emp` WHERE `id` = 14

[2020-10-29 09:08:06][localhost_3306][000700][MYSQL][]
UPDATE `emp`.`emp` SET `name` = 'lucy15' WHERE `id` = 15

[2020-10-29 09:08:06][localhost_3306][000700][MYSQL][]
SELECT * FROM `emp`.`emp` WHERE `id` = 15

[2020-10-29 09:08:09][localhost_3306][000700][MYSQL][]
UPDATE `emp`.`emp` SET `name` = 'tom16' WHERE `id` = 16

[2020-10-29 09:08:09][localhost_3306][000700][MYSQL][]
SELECT * FROM `emp`.`emp` WHERE `id` = 16

[2020-10-29 09:08:12][localhost_3306][000700][MYSQL][]
UPDATE `emp`.`emp` SET `name` = 'jack17' WHERE `id` = 17

[2020-10-29 09:08:12][localhost_3306][000700][MYSQL][]
SELECT * FROM `emp`.`emp` WHERE `id` = 17

[2020-10-29 09:08:15][localhost_3306][000700][MYSQL][]
UPDATE `emp`.`emp` SET `name` = 'lucy18' WHERE `id` = 18

[2020-10-29 09:08:15][localhost_3306][000700][MYSQL][]
SELECT * FROM `emp`.`emp` WHERE `id` = 18

[2020-10-29 09:35:33][localhost_3306][000700][MYSQL][]
SELECT * FROM `emp`.`emp` LIMIT 0,1000

[2020-10-29 09:35:33][localhost_3306][000701][MYSQL][]
SHOW COLUMNS FROM `emp`.`emp`

[2020-10-29 09:35:33][localhost_3306][000700][MYSQL][]
SHOW TABLE STATUS LIKE 'emp'

[2020-10-29 09:35:33][localhost_3306][000700][MYSQL][]
SHOW CREATE TABLE `emp`.`emp`

[2020-10-29 09:48:13][localhost_3306][000699][MYSQL][]
SET PROFILING = 1

[2020-10-29 09:48:13][localhost_3306][000699][MYSQL][]
SHOW STATUS

[2020-10-29 09:48:13][localhost_3306][000699][MYSQL][]
SHOW STATUS

[2020-10-29 09:48:13][localhost_3306][000699][MYSQL][]
select * from emp where id=18

[2020-10-29 09:48:13][localhost_3306][000700][MYSQL][]
SELECT * FROM `emp`.`emp` LIMIT 0

[2020-10-29 09:48:13][localhost_3306][000700][MYSQL][]
SHOW COLUMNS FROM `emp`.`emp`

[2020-10-29 09:48:13][localhost_3306][000699][MYSQL][]
SHOW STATUS

[2020-10-29 09:48:13][localhost_3306][000699][MYSQL][]
SELECT QUERY_ID, SUM(DURATION) AS SUM_DURATION FROM INFORMATION_SCHEMA.PROFILING GROUP BY QUERY_ID

[2020-10-29 09:48:13][localhost_3306][000699][MYSQL][]
SELECT STATE AS `Status`, ROUND(SUM(DURATION),7) AS `Duration`, CONCAT(ROUND(SUM(DURATION)/0.002561*100,3), '') AS `Percentage` FROM INFORMATION_SCHEMA.PROFILING WHERE QUERY_ID=26 GROUP BY SEQ, STATE ORDER BY SEQ

